[2024-04-23 16:20:14,433: INFO: common: yaml file: A:\MlProject\RED_WINE_QUALITY\config\config.yaml loaded successfully]
[2024-04-23 16:20:14,437: INFO: common: yaml file: A:\MlProject\RED_WINE_QUALITY\params.yaml loaded successfully]
[2024-04-23 16:20:14,440: INFO: common: yaml file: A:\MlProject\RED_WINE_QUALITY\schema.yaml loaded successfully]
[2024-04-23 16:20:14,442: INFO: common: created directory at: artifacts]
[2024-04-23 16:21:29,338: INFO: common: yaml file: A:\MlProject\RED_WINE_QUALITY\config\config.yaml loaded successfully]
[2024-04-23 16:21:29,340: INFO: common: yaml file: A:\MlProject\RED_WINE_QUALITY\params.yaml loaded successfully]
[2024-04-23 16:21:29,343: INFO: common: yaml file: A:\MlProject\RED_WINE_QUALITY\schema.yaml loaded successfully]
[2024-04-23 16:21:29,344: INFO: common: created directory at: artifacts]
[2024-04-23 16:21:41,458: INFO: common: yaml file: A:\MlProject\RED_WINE_QUALITY\config\config.yaml loaded successfully]
[2024-04-23 16:21:41,460: INFO: common: yaml file: A:\MlProject\RED_WINE_QUALITY\params.yaml loaded successfully]
[2024-04-23 16:21:41,463: INFO: common: yaml file: A:\MlProject\RED_WINE_QUALITY\schema.yaml loaded successfully]
[2024-04-23 16:21:41,463: INFO: common: created directory at: artifacts]
[2024-04-24 12:23:00,351: INFO: common: yaml file: A:\MlProject\RED_WINE_QUALITY\config\config.yaml loaded successfully]
[2024-04-24 12:23:00,353: INFO: common: yaml file: A:\MlProject\RED_WINE_QUALITY\params.yaml loaded successfully]
[2024-04-24 12:23:00,356: INFO: common: yaml file: A:\MlProject\RED_WINE_QUALITY\schema.yaml loaded successfully]
[2024-04-24 12:23:00,358: INFO: common: created directory at: artifacts]
[2024-04-24 12:24:43,337: INFO: common: yaml file: A:\MlProject\RED_WINE_QUALITY\config\config.yaml loaded successfully]
[2024-04-24 12:24:43,339: INFO: common: yaml file: A:\MlProject\RED_WINE_QUALITY\params.yaml loaded successfully]
[2024-04-24 12:24:43,341: INFO: common: yaml file: A:\MlProject\RED_WINE_QUALITY\schema.yaml loaded successfully]
[2024-04-24 12:24:43,342: INFO: common: created directory at: artifacts]
[2024-04-24 12:26:41,149: INFO: common: yaml file: A:\MlProject\RED_WINE_QUALITY\config\config.yaml loaded successfully]
[2024-04-24 12:26:41,150: INFO: common: yaml file: A:\MlProject\RED_WINE_QUALITY\params.yaml loaded successfully]
[2024-04-24 12:26:41,154: INFO: common: yaml file: A:\MlProject\RED_WINE_QUALITY\schema.yaml loaded successfully]
[2024-04-24 12:26:41,154: INFO: common: created directory at: artifacts]
[2024-04-24 12:26:41,156: INFO: common: created directory at: artifacts/data_validation]
[2024-04-24 12:34:46,805: INFO: common: yaml file: A:\MlProject\RED_WINE_QUALITY\config\config.yaml loaded successfully]
[2024-04-24 12:34:46,807: INFO: common: yaml file: A:\MlProject\RED_WINE_QUALITY\params.yaml loaded successfully]
[2024-04-24 12:34:46,810: INFO: common: yaml file: A:\MlProject\RED_WINE_QUALITY\schema.yaml loaded successfully]
[2024-04-24 12:34:46,811: INFO: common: created directory at: artifacts]
[2024-04-24 12:34:46,812: INFO: common: created directory at: artifacts/data_validation]
[2024-04-24 12:35:16,976: INFO: common: yaml file: A:\MlProject\RED_WINE_QUALITY\config\config.yaml loaded successfully]
[2024-04-24 12:35:16,978: INFO: common: yaml file: A:\MlProject\RED_WINE_QUALITY\params.yaml loaded successfully]
[2024-04-24 12:35:16,981: INFO: common: yaml file: A:\MlProject\RED_WINE_QUALITY\schema.yaml loaded successfully]
[2024-04-24 12:35:16,982: INFO: common: created directory at: artifacts]
[2024-04-24 12:35:16,983: INFO: common: created directory at: artifacts/data_validation]
[2024-04-24 12:36:48,530: INFO: common: yaml file: A:\MlProject\RED_WINE_QUALITY\config\config.yaml loaded successfully]
[2024-04-24 12:36:48,531: INFO: common: yaml file: A:\MlProject\RED_WINE_QUALITY\params.yaml loaded successfully]
[2024-04-24 12:36:48,533: INFO: common: yaml file: A:\MlProject\RED_WINE_QUALITY\schema.yaml loaded successfully]
[2024-04-24 12:36:48,534: INFO: common: created directory at: artifacts]
[2024-04-24 12:36:48,535: INFO: common: created directory at: artifacts/data_validation]
[2024-04-24 12:37:30,153: INFO: common: yaml file: A:\MlProject\RED_WINE_QUALITY\config\config.yaml loaded successfully]
[2024-04-24 12:37:30,156: INFO: common: yaml file: A:\MlProject\RED_WINE_QUALITY\params.yaml loaded successfully]
[2024-04-24 12:37:30,159: INFO: common: yaml file: A:\MlProject\RED_WINE_QUALITY\schema.yaml loaded successfully]
[2024-04-24 12:37:30,160: INFO: common: created directory at: artifacts]
[2024-04-24 12:37:30,161: INFO: common: created directory at: artifacts/data_validation]
[2024-04-24 12:50:12,275: INFO: common: yaml file: A:\MlProject\RED_WINE_QUALITY\config\config.yaml loaded successfully]
[2024-04-24 12:50:12,277: INFO: common: yaml file: A:\MlProject\RED_WINE_QUALITY\params.yaml loaded successfully]
[2024-04-24 12:50:12,280: INFO: common: yaml file: A:\MlProject\RED_WINE_QUALITY\schema.yaml loaded successfully]
[2024-04-24 12:50:12,281: INFO: common: created directory at: artifacts]
[2024-04-24 12:50:12,282: INFO: common: created directory at: artifacts/data_validation]
[2024-04-24 12:50:38,884: INFO: common: yaml file: A:\MlProject\RED_WINE_QUALITY\config\config.yaml loaded successfully]
[2024-04-24 12:50:38,886: INFO: common: yaml file: A:\MlProject\RED_WINE_QUALITY\params.yaml loaded successfully]
[2024-04-24 12:50:38,889: INFO: common: yaml file: A:\MlProject\RED_WINE_QUALITY\schema.yaml loaded successfully]
[2024-04-24 12:50:38,890: INFO: common: created directory at: artifacts]
[2024-04-24 12:50:38,891: INFO: common: created directory at: artifacts/data_validation]
[2024-04-24 12:52:18,805: INFO: common: yaml file: A:\MlProject\RED_WINE_QUALITY\config\config.yaml loaded successfully]
[2024-04-24 12:52:18,806: INFO: common: yaml file: A:\MlProject\RED_WINE_QUALITY\params.yaml loaded successfully]
[2024-04-24 12:52:18,809: INFO: common: yaml file: A:\MlProject\RED_WINE_QUALITY\schema.yaml loaded successfully]
[2024-04-24 12:52:18,810: INFO: common: created directory at: artifacts]
[2024-04-24 12:52:18,811: INFO: common: created directory at: artifacts/data_validation]
[2024-04-24 13:36:39,117: INFO: common: yaml file: schema.yaml loaded successfully]
[2024-04-24 18:07:39,813: INFO: common: yaml file: A:\MlProject\RED_WINE_QUALITY\config\config.yaml loaded successfully]
[2024-04-24 18:07:39,815: INFO: common: yaml file: A:\MlProject\RED_WINE_QUALITY\params.yaml loaded successfully]
[2024-04-24 18:07:39,819: INFO: common: yaml file: A:\MlProject\RED_WINE_QUALITY\schema.yaml loaded successfully]
[2024-04-24 18:07:39,820: INFO: common: created directory at: artifacts]
[2024-04-24 18:07:39,821: INFO: common: created directory at: artifacts/model_trainer]
[2024-04-24 18:07:58,369: INFO: common: yaml file: A:\MlProject\RED_WINE_QUALITY\config\config.yaml loaded successfully]
[2024-04-24 18:07:58,371: INFO: common: yaml file: A:\MlProject\RED_WINE_QUALITY\params.yaml loaded successfully]
[2024-04-24 18:07:58,374: INFO: common: yaml file: A:\MlProject\RED_WINE_QUALITY\schema.yaml loaded successfully]
[2024-04-24 18:07:58,375: INFO: common: created directory at: artifacts]
[2024-04-24 18:07:58,376: INFO: common: created directory at: artifacts/model_trainer]
[2024-04-24 18:13:47,911: INFO: common: yaml file: A:\MlProject\RED_WINE_QUALITY\config\config.yaml loaded successfully]
[2024-04-24 18:13:47,913: INFO: common: yaml file: A:\MlProject\RED_WINE_QUALITY\params.yaml loaded successfully]
[2024-04-24 18:13:47,916: INFO: common: yaml file: A:\MlProject\RED_WINE_QUALITY\schema.yaml loaded successfully]
[2024-04-24 18:13:47,918: INFO: common: created directory at: artifacts]
[2024-04-24 18:13:47,919: INFO: common: created directory at: artifacts/model_trainer]
[2024-04-24 18:16:30,040: INFO: common: yaml file: A:\MlProject\RED_WINE_QUALITY\config\config.yaml loaded successfully]
[2024-04-24 18:16:30,042: INFO: common: yaml file: A:\MlProject\RED_WINE_QUALITY\params.yaml loaded successfully]
[2024-04-24 18:16:30,045: INFO: common: yaml file: A:\MlProject\RED_WINE_QUALITY\schema.yaml loaded successfully]
[2024-04-24 18:16:30,046: INFO: common: created directory at: artifacts]
[2024-04-24 18:16:30,047: INFO: common: created directory at: artifacts/model_trainer]
[2024-04-24 18:17:33,095: INFO: common: yaml file: A:\MlProject\RED_WINE_QUALITY\config\config.yaml loaded successfully]
[2024-04-24 18:17:33,097: INFO: common: yaml file: A:\MlProject\RED_WINE_QUALITY\params.yaml loaded successfully]
[2024-04-24 18:17:33,100: INFO: common: yaml file: A:\MlProject\RED_WINE_QUALITY\schema.yaml loaded successfully]
[2024-04-24 18:17:33,102: INFO: common: created directory at: artifacts]
[2024-04-24 18:17:33,102: INFO: common: created directory at: artifacts/model_trainer]
[2024-04-24 18:19:30,974: INFO: common: yaml file: A:\MlProject\RED_WINE_QUALITY\config\config.yaml loaded successfully]
[2024-04-24 18:19:30,975: INFO: common: yaml file: A:\MlProject\RED_WINE_QUALITY\params.yaml loaded successfully]
[2024-04-24 18:19:30,978: INFO: common: yaml file: A:\MlProject\RED_WINE_QUALITY\schema.yaml loaded successfully]
[2024-04-24 18:19:30,980: INFO: common: created directory at: artifacts]
[2024-04-24 18:19:30,981: INFO: common: created directory at: artifacts/model_trainer]
[2024-04-24 18:20:35,085: INFO: common: yaml file: A:\MlProject\RED_WINE_QUALITY\config\config.yaml loaded successfully]
[2024-04-24 18:20:35,087: INFO: common: yaml file: A:\MlProject\RED_WINE_QUALITY\params.yaml loaded successfully]
[2024-04-24 18:20:35,089: INFO: common: yaml file: A:\MlProject\RED_WINE_QUALITY\schema.yaml loaded successfully]
[2024-04-24 18:20:35,091: INFO: common: created directory at: artifacts]
[2024-04-24 18:20:35,092: INFO: common: created directory at: artifacts/model_trainer]
